<?xml version="1.0" encoding="UTF-8"?>
<!-- Generated by org.testng.reporters.JUnitReportReporter -->
<testsuite skipped="0" hostname="LAPTOP-H5GPDBF0" name="qaclickacademy.AppiumTest" tests="2" failures="0" timestamp="2020-09-01T01:36:45 IST" time="0.003" errors="0">
  <testcase name="IOSApps" time="0.003" classname="qaclickacademy.AppiumTest"/>
  <system-out/>
  <testcase name="NativeAppAndroid" time="0.000" classname="qaclickacademy.AppiumTest"/>
  <system-out/>
</testsuite> <!-- qaclickacademy.AppiumTest -->
