<?xml version="1.0" encoding="UTF-8"?>
<!-- Generated by org.testng.reporters.JUnitReportReporter -->
<testsuite skipped="0" hostname="LAPTOP-H5GPDBF0" name="qaclickacademy.AppTest" tests="1" failures="0" timestamp="2020-08-31T01:34:57 IST" time="0.012" errors="0">
  <testcase name="testApp" time="0.012" classname="qaclickacademy.AppTest"/>
  <system-out/>
</testsuite> <!-- qaclickacademy.AppTest -->
