<?xml version="1.0" encoding="UTF-8"?>
<!-- Generated by org.testng.reporters.JUnitReportReporter -->
<testsuite skipped="0" hostname="LAPTOP-H5GPDBF0" name="qaclickacademy.RestApiTest" tests="2" failures="0" timestamp="2020-09-01T01:36:04 IST" time="0.000" errors="0">
  <testcase name="deleteTwitter" time="0.000" classname="qaclickacademy.RestApiTest"/>
  <system-out/>
  <testcase name="PostJira" time="0.000" classname="qaclickacademy.RestApiTest"/>
  <system-out/>
</testsuite> <!-- qaclickacademy.RestApiTest -->
